<?xml version="1.0" encoding="utf-8"?><testsuites name="pytest tests"><testsuite name="pytest" errors="0" failures="0" skipped="0" tests="20" time="1.500" timestamp="2026-06-26T16:46:14.503126+00:00" hostname="agent-env-efd1dd83-e221-4564-be07-8cab71e9b9e6"><testcase classname="tests.test_handovers.TestHandovers" name="test_create_handover" time="0.314" /><testcase classname="tests.test_inspections.TestInspections" name="test_create_inspection" time="0.241" /><testcase classname="tests.test_inspections.TestInspections" name="test_create_inspection_second" time="0.049" /><testcase classname="tests.test_inspections.TestInspections" name="test_list_inspections_sorted" time="0.044" /><testcase classname="tests.test_handovers.TestHandovers" name="test_create_handover_second_site" time="0.069" /><testcase classname="tests.test_inspections.TestInspections" name="test_list_inspections_filter_by_site" time="0.046" /><testcase classname="tests.test_inspections.TestInspections" name="test_persistence_via_get" time="0.047" /><testcase classname="tests.test_handovers.TestHandovers" name="test_list_handovers_sorted_desc" time="0.056" /><testcase classname="tests.test_inspections.TestInspections" name="test_delete_inspection" time="0.130" /><testcase classname="tests.test_handovers.TestHandovers" name="test_list_handovers_filter_by_site" time="0.053" /><testcase classname="tests.test_handovers.TestHandovers" name="test_persistence_via_get" time="0.049" /><testcase classname="tests.test_handovers.TestHandovers" name="test_delete_handover" time="0.098" /><testcase classname="tests.test_inspections.TestInspections" name="test_delete_unknown_returns_404" time="0.048" /><testcase classname="tests.test_inspections.TestInspections" name="test_cleanup" time="0.044" /><testcase classname="tests.test_handovers.TestHandovers" name="test_delete_unknown_returns_404" time="0.049" /><testcase classname="tests.test_inspections.TestPin" name="test_verify_pin_correct" time="0.097" /><testcase classname="tests.test_handovers.TestHandovers" name="test_email_soft_fail_no_crash" time="0.049" /><testcase classname="tests.test_handovers.TestHandovers" name="test_cleanup" time="0.138" /><testcase classname="tests.test_inspections.TestPin" name="test_verify_pin_wrong" time="0.085" /><testcase classname="tests.test_inspections.TestSites" name="test_sites_list" time="0.096" /></testsuite></testsuites>