<?xml version="1.0" encoding="utf-8"?><testsuites name="pytest tests"><testsuite name="pytest" errors="0" failures="0" skipped="0" tests="11" time="1.311" timestamp="2026-06-26T16:39:07.889057+00:00" hostname="agent-env-efd1dd83-e221-4564-be07-8cab71e9b9e6"><testcase classname="tests.test_inspections.TestPin" name="test_verify_pin_correct" time="0.289" /><testcase classname="tests.test_inspections.TestInspections" name="test_create_inspection" time="0.303" /><testcase classname="tests.test_inspections.TestPin" name="test_verify_pin_wrong" time="0.044" /><testcase classname="tests.test_inspections.TestInspections" name="test_create_inspection_second" time="0.065" /><testcase classname="tests.test_inspections.TestSites" name="test_sites_list" time="0.084" /><testcase classname="tests.test_inspections.TestInspections" name="test_list_inspections_sorted" time="0.059" /><testcase classname="tests.test_inspections.TestInspections" name="test_list_inspections_filter_by_site" time="0.059" /><testcase classname="tests.test_inspections.TestInspections" name="test_persistence_via_get" time="0.054" /><testcase classname="tests.test_inspections.TestInspections" name="test_delete_inspection" time="0.129" /><testcase classname="tests.test_inspections.TestInspections" name="test_delete_unknown_returns_404" time="0.057" /><testcase classname="tests.test_inspections.TestInspections" name="test_cleanup" time="0.062" /></testsuite></testsuites>